<?xml version="1.0" encoding="UTF-8"?>
<testng-results ignored="0" total="1" passed="1" failed="0" skipped="0">
  <reporter-output>
  </reporter-output>
  <suite started-at="2025-09-18T12:25:21 IST" name="Default suite" finished-at="2025-09-18T12:25:22 IST" duration-ms="1004">
    <groups>
    </groups>
    <test started-at="2025-09-18T12:25:21 IST" name="Default test" finished-at="2025-09-18T12:25:22 IST" duration-ms="1004">
      <class name="com.AutomationPractice.AdactHome">
        <test-method is-config="true" signature="launch()[pri:0, instance:com.AutomationPractice.AdactHome@aba625]" started-at="2025-09-18T12:25:12 IST" name="launch" finished-at="2025-09-18T12:25:21 IST" duration-ms="9069" status="PASS">
          <reporter-output>
          </reporter-output>
        </test-method> <!-- launch -->
        <test-method signature="test()[pri:0, instance:com.AutomationPractice.AdactHome@aba625]" started-at="2025-09-18T12:25:21 IST" name="test" finished-at="2025-09-18T12:25:22 IST" duration-ms="929" status="PASS">
          <reporter-output>
          </reporter-output>
        </test-method> <!-- test -->
        <test-method is-config="true" signature="terDown()[pri:0, instance:com.AutomationPractice.AdactHome@aba625]" started-at="2025-09-18T12:25:22 IST" name="terDown" finished-at="2025-09-18T12:25:23 IST" duration-ms="442" status="PASS">
          <reporter-output>
          </reporter-output>
        </test-method> <!-- terDown -->
      </class> <!-- com.AutomationPractice.AdactHome -->
    </test> <!-- Default test -->
  </suite> <!-- Default suite -->
</testng-results>
